<?xml version="1.0" encoding="UTF-8"?>
<coverage generated="1496968892">
  <project timestamp="1496968892">
    <package name="Seeren\Cache\Exception">
      <file name="C:\xampp\htdocs\seeren-dev-master\cache\src/Exception/InvalidArgumentException.php">
        <class name="InvalidArgumentException" namespace="Seeren\Cache\Exception" fullPackage="Cache.Exception" category="Seeren" package="Cache" subpackage="Exception">
          <metrics complexity="1" methods="1" coveredmethods="0" conditionals="0" coveredconditionals="0" statements="2" coveredstatements="0" elements="3" coveredelements="0"/>
        </class>
        <line num="40" type="method" name="__construct" visibility="public" complexity="1" crap="2" count="0"/>
        <line num="45" type="stmt" count="0"/>
        <line num="46" type="stmt" count="0"/>
        <metrics loc="48" ncloc="21" classes="1" methods="1" coveredmethods="0" conditionals="0" coveredconditionals="0" statements="2" coveredstatements="0" elements="3" coveredelements="0"/>
      </file>
    </package>
    <package name="Seeren\Cache\Item">
      <file name="C:\xampp\htdocs\seeren-dev-master\cache\src/Item/CacheItem.php">
        <class name="CacheItem" namespace="Seeren\Cache\Item" fullPackage="Cache.Item" category="Seeren" package="Cache" subpackage="Item">
          <metrics complexity="16" methods="10" coveredmethods="10" conditionals="0" coveredconditionals="0" statements="32" coveredstatements="32" elements="42" coveredelements="42"/>
        </class>
        <line num="65" type="method" name="__construct" visibility="public" complexity="2" crap="2" count="14"/>
        <line num="67" type="stmt" count="14"/>
        <line num="68" type="stmt" count="14"/>
        <line num="69" type="stmt" count="14"/>
        <line num="70" type="stmt" count="14"/>
        <line num="71" type="stmt" count="14"/>
        <line num="72" type="stmt" count="14"/>
        <line num="80" type="method" name="last" visibility="public" complexity="2" crap="2" count="14"/>
        <line num="82" type="stmt" count="14"/>
        <line num="83" type="stmt" count="14"/>
        <line num="84" type="stmt" count="14"/>
        <line num="85" type="stmt" count="14"/>
        <line num="87" type="stmt" count="14"/>
        <line num="95" type="method" name="getKey" visibility="public" complexity="1" crap="1" count="3"/>
        <line num="97" type="stmt" count="3"/>
        <line num="105" type="method" name="get" visibility="public" complexity="1" crap="1" count="3"/>
        <line num="107" type="stmt" count="3"/>
        <line num="115" type="method" name="isHit" visibility="public" complexity="1" crap="1" count="7"/>
        <line num="117" type="stmt" count="7"/>
        <line num="126" type="method" name="set" visibility="public" complexity="1" crap="1" count="3"/>
        <line num="128" type="stmt" count="3"/>
        <line num="129" type="stmt" count="3"/>
        <line num="138" type="method" name="expiresAt" visibility="public" complexity="2" crap="2" count="3"/>
        <line num="140" type="stmt" count="3"/>
        <line num="141" type="stmt" count="1"/>
        <line num="142" type="stmt" count="2"/>
        <line num="144" type="stmt" count="3"/>
        <line num="153" type="method" name="expiresAfter" visibility="public" complexity="2" crap="2" count="2"/>
        <line num="155" type="stmt" count="2"/>
        <line num="156" type="stmt" count="1"/>
        <line num="157" type="stmt" count="1"/>
        <line num="158" type="stmt" count="1"/>
        <line num="159" type="stmt" count="2"/>
        <line num="167" type="method" name="__sleep" visibility="public" complexity="1" crap="1" count="3"/>
        <line num="169" type="stmt" count="3"/>
        <line num="171" type="stmt" count="3"/>
        <line num="185" type="method" name="__wakeup" visibility="public" complexity="3" crap="3" count="7"/>
        <line num="187" type="stmt" count="7"/>
        <line num="188" type="stmt" count="7"/>
        <line num="189" type="stmt" count="6"/>
        <line num="190" type="stmt" count="1"/>
        <line num="192" type="stmt" count="7"/>
        <metrics loc="194" ncloc="99" classes="1" methods="10" coveredmethods="10" conditionals="0" coveredconditionals="0" statements="32" coveredstatements="32" elements="42" coveredelements="42"/>
      </file>
    </package>
    <file name="C:\xampp\htdocs\seeren-dev-master\cache\src/Item/ModifiedItemInterface.php">
      <metrics loc="36" ncloc="11" classes="0" methods="0" coveredmethods="0" conditionals="0" coveredconditionals="0" statements="0" coveredstatements="0" elements="0" coveredelements="0"/>
    </file>
    <package name="Seeren\Cache\Pool">
      <file name="C:\xampp\htdocs\seeren-dev-master\cache\src/Pool/AbstractCacheItemPool.php">
        <class name="AbstractCacheItemPool" namespace="Seeren\Cache\Pool" fullPackage="Cache.Pool" category="Seeren" package="Cache" subpackage="Pool">
          <metrics complexity="30" methods="11" coveredmethods="0" conditionals="0" coveredconditionals="0" statements="45" coveredstatements="0" elements="56" coveredelements="0"/>
        </class>
        <line num="73" type="method" name="__construct" visibility="protected" complexity="1" crap="2" count="0"/>
        <line num="75" type="stmt" count="0"/>
        <line num="76" type="stmt" count="0"/>
        <line num="77" type="stmt" count="0"/>
        <line num="85" type="method" name="createItem" visibility="protected" complexity="1" crap="2" count="0"/>
        <line num="87" type="stmt" count="0"/>
        <line num="98" type="method" name="getItem" visibility="public" complexity="3" crap="12" count="0"/>
        <line num="101" type="stmt" count="0"/>
        <line num="102" type="stmt" count="0"/>
        <line num="104" type="stmt" count="0"/>
        <line num="105" type="stmt" count="0"/>
        <line num="106" type="stmt" count="0"/>
        <line num="118" type="method" name="getItems" visibility="public" complexity="3" crap="12" count="0"/>
        <line num="121" type="stmt" count="0"/>
        <line num="122" type="stmt" count="0"/>
        <line num="123" type="stmt" count="0"/>
        <line num="125" type="stmt" count="0"/>
        <line num="126" type="stmt" count="0"/>
        <line num="128" type="stmt" count="0"/>
        <line num="140" type="method" name="hasItem" visibility="public" complexity="2" crap="6" count="0"/>
        <line num="142" type="stmt" count="0"/>
        <line num="143" type="stmt" count="0"/>
        <line num="145" type="stmt" count="0"/>
        <line num="153" type="method" name="clear" visibility="public" complexity="3" crap="12" count="0"/>
        <line num="155" type="stmt" count="0"/>
        <line num="156" type="stmt" count="0"/>
        <line num="157" type="stmt" count="0"/>
        <line num="160" type="stmt" count="0"/>
        <line num="171" type="method" name="deleteItem" visibility="public" complexity="4" crap="20" count="0"/>
        <line num="174" type="stmt" count="0"/>
        <line num="175" type="stmt" count="0"/>
        <line num="176" type="stmt" count="0"/>
        <line num="178" type="stmt" count="0"/>
        <line num="179" type="stmt" count="0"/>
        <line num="180" type="stmt" count="0"/>
        <line num="182" type="stmt" count="0"/>
        <line num="193" type="method" name="deleteItems" visibility="public" complexity="4" crap="20" count="0"/>
        <line num="196" type="stmt" count="0"/>
        <line num="197" type="stmt" count="0"/>
        <line num="198" type="stmt" count="0"/>
        <line num="201" type="stmt" count="0"/>
        <line num="202" type="stmt" count="0"/>
        <line num="204" type="stmt" count="0"/>
        <line num="214" type="method" name="save" visibility="public" complexity="1" crap="2" count="0"/>
        <line num="216" type="stmt" count="0"/>
        <line num="225" type="method" name="saveDeferred" visibility="public" complexity="2" crap="6" count="0"/>
        <line num="227" type="stmt" count="0"/>
        <line num="228" type="stmt" count="0"/>
        <line num="230" type="stmt" count="0"/>
        <line num="231" type="stmt" count="0"/>
        <line num="239" type="method" name="commit" visibility="public" complexity="3" crap="12" count="0"/>
        <line num="241" type="stmt" count="0"/>
        <line num="242" type="stmt" count="0"/>
        <line num="243" type="stmt" count="0"/>
        <line num="245" type="stmt" count="0"/>
        <line num="247" type="stmt" count="0"/>
        <metrics loc="250" ncloc="132" classes="1" methods="11" coveredmethods="0" conditionals="0" coveredconditionals="0" statements="45" coveredstatements="0" elements="56" coveredelements="0"/>
      </file>
      <file name="C:\xampp\htdocs\seeren-dev-master\cache\src/Pool/StreamCacheItemPool.php">
        <class name="StreamCacheItemPool" namespace="Seeren\Cache\Pool" fullPackage="Cache.Pool" category="Seeren" package="Cache" subpackage="Pool">
          <metrics complexity="15" methods="0" coveredmethods="0" conditionals="0" coveredconditionals="0" statements="0" coveredstatements="0" elements="0" coveredelements="0"/>
        </class>
        <metrics loc="136" ncloc="84" classes="0" methods="0" coveredmethods="0" conditionals="0" coveredconditionals="0" statements="0" coveredstatements="0" elements="0" coveredelements="0"/>
      </file>
    </package>
    <metrics files="5" loc="664" ncloc="347" classes="3" methods="22" coveredmethods="10" conditionals="0" coveredconditionals="0" statements="79" coveredstatements="32" elements="101" coveredelements="42"/>
  </project>
</coverage>
