<?xml version="1.0" encoding="UTF-8"?>
<coverage generated="1522685137">
  <project timestamp="1522685137">
    <package name="Seeren\Cache\Exception">
      <file name="C:\xampp\htdocs\dev-master.seeren\cache\src/Exception/InvalidArgumentException.php">
        <class name="Seeren\Cache\Exception\InvalidArgumentException" namespace="Seeren\Cache\Exception" fullPackage="Cache.Exception" category="Seeren" package="Cache" subpackage="Exception">
          <metrics complexity="1" methods="1" coveredmethods="1" conditionals="0" coveredconditionals="0" statements="2" coveredstatements="2" elements="3" coveredelements="3"/>
        </class>
        <line num="36" type="method" name="__construct" visibility="public" complexity="1" crap="1" count="5"/>
        <line num="41" type="stmt" count="5"/>
        <line num="42" type="stmt" count="5"/>
        <metrics loc="44" ncloc="21" classes="1" methods="1" coveredmethods="1" conditionals="0" coveredconditionals="0" statements="2" coveredstatements="2" elements="3" coveredelements="3"/>
      </file>
    </package>
    <package name="Seeren\Cache\Item">
      <file name="C:\xampp\htdocs\dev-master.seeren\cache\src/Item/CacheItem.php">
        <class name="Seeren\Cache\Item\CacheItem" namespace="Seeren\Cache\Item" fullPackage="Cache.Item" category="Seeren" package="Cache" subpackage="Item">
          <metrics complexity="16" methods="10" coveredmethods="10" conditionals="0" coveredconditionals="0" statements="32" coveredstatements="32" elements="42" coveredelements="42"/>
        </class>
        <line num="67" type="method" name="__construct" visibility="public" complexity="2" crap="2" count="27"/>
        <line num="69" type="stmt" count="27"/>
        <line num="70" type="stmt" count="27"/>
        <line num="71" type="stmt" count="27"/>
        <line num="72" type="stmt" count="27"/>
        <line num="73" type="stmt" count="27"/>
        <line num="74" type="stmt" count="27"/>
        <line num="80" type="method" name="last" visibility="public" complexity="2" crap="2" count="27"/>
        <line num="82" type="stmt" count="27"/>
        <line num="83" type="stmt" count="27"/>
        <line num="84" type="stmt" count="27"/>
        <line num="85" type="stmt" count="27"/>
        <line num="87" type="stmt" count="27"/>
        <line num="94" type="method" name="getKey" visibility="public" complexity="1" crap="1" count="11"/>
        <line num="96" type="stmt" count="11"/>
        <line num="103" type="method" name="get" visibility="public" complexity="1" crap="1" count="3"/>
        <line num="105" type="stmt" count="3"/>
        <line num="112" type="method" name="isHit" visibility="public" complexity="1" crap="1" count="7"/>
        <line num="114" type="stmt" count="7"/>
        <line num="121" type="method" name="set" visibility="public" complexity="1" crap="1" count="4"/>
        <line num="123" type="stmt" count="4"/>
        <line num="124" type="stmt" count="4"/>
        <line num="131" type="method" name="expiresAt" visibility="public" complexity="2" crap="2" count="3"/>
        <line num="133" type="stmt" count="3"/>
        <line num="134" type="stmt" count="1"/>
        <line num="135" type="stmt" count="2"/>
        <line num="136" type="stmt" count="3"/>
        <line num="143" type="method" name="expiresAfter" visibility="public" complexity="2" crap="2" count="2"/>
        <line num="145" type="stmt" count="2"/>
        <line num="146" type="stmt" count="1"/>
        <line num="147" type="stmt" count="1"/>
        <line num="148" type="stmt" count="1"/>
        <line num="149" type="stmt" count="2"/>
        <line num="155" type="method" name="__sleep" visibility="public" complexity="1" crap="1" count="5"/>
        <line num="157" type="stmt" count="5"/>
        <line num="159" type="stmt" count="5"/>
        <line num="171" type="method" name="__wakeup" visibility="public" complexity="3" crap="3" count="8"/>
        <line num="173" type="stmt" count="8"/>
        <line num="174" type="stmt" count="8"/>
        <line num="175" type="stmt" count="7"/>
        <line num="176" type="stmt" count="1"/>
        <line num="177" type="stmt" count="8"/>
        <metrics loc="179" ncloc="104" classes="1" methods="10" coveredmethods="10" conditionals="0" coveredconditionals="0" statements="32" coveredstatements="32" elements="42" coveredelements="42"/>
      </file>
    </package>
    <file name="C:\xampp\htdocs\dev-master.seeren\cache\src/Item/ModifiedItemInterface.php">
      <metrics loc="35" ncloc="11" classes="0" methods="0" coveredmethods="0" conditionals="0" coveredconditionals="0" statements="0" coveredstatements="0" elements="0" coveredelements="0"/>
    </file>
    <package name="Seeren\Cache\Pool">
      <file name="C:\xampp\htdocs\dev-master.seeren\cache\src/Pool/AbstractCacheItemPool.php">
        <class name="Seeren\Cache\Pool\AbstractCacheItemPool" namespace="Seeren\Cache\Pool" fullPackage="Cache.Pool" category="Seeren" package="Cache" subpackage="Pool">
          <metrics complexity="30" methods="11" coveredmethods="11" conditionals="0" coveredconditionals="0" statements="45" coveredstatements="45" elements="56" coveredelements="56"/>
        </class>
        <line num="71" type="method" name="__construct" visibility="protected" complexity="1" crap="1" count="20"/>
        <line num="73" type="stmt" count="20"/>
        <line num="74" type="stmt" count="20"/>
        <line num="75" type="stmt" count="20"/>
        <line num="81" type="method" name="createItem" visibility="protected" complexity="1" crap="1" count="13"/>
        <line num="83" type="stmt" count="13"/>
        <line num="90" type="method" name="getItem" visibility="public" complexity="3" crap="3" count="15"/>
        <line num="93" type="stmt" count="15"/>
        <line num="94" type="stmt" count="13"/>
        <line num="96" type="stmt" count="13"/>
        <line num="97" type="stmt" count="2"/>
        <line num="98" type="stmt" count="2"/>
        <line num="106" type="method" name="getItems" visibility="public" complexity="3" crap="3" count="2"/>
        <line num="109" type="stmt" count="2"/>
        <line num="110" type="stmt" count="2"/>
        <line num="111" type="stmt" count="2"/>
        <line num="113" type="stmt" count="1"/>
        <line num="114" type="stmt" count="1"/>
        <line num="116" type="stmt" count="1"/>
        <line num="124" type="method" name="hasItem" visibility="public" complexity="2" crap="2" count="20"/>
        <line num="126" type="stmt" count="20"/>
        <line num="127" type="stmt" count="5"/>
        <line num="129" type="stmt" count="15"/>
        <line num="136" type="method" name="clear" visibility="public" complexity="3" crap="3" count="2"/>
        <line num="138" type="stmt" count="2"/>
        <line num="139" type="stmt" count="2"/>
        <line num="140" type="stmt" count="2"/>
        <line num="143" type="stmt" count="1"/>
        <line num="150" type="method" name="deleteItem" visibility="public" complexity="4" crap="4" count="7"/>
        <line num="153" type="stmt" count="7"/>
        <line num="154" type="stmt" count="5"/>
        <line num="155" type="stmt" count="3"/>
        <line num="157" type="stmt" count="2"/>
        <line num="158" type="stmt" count="2"/>
        <line num="159" type="stmt" count="2"/>
        <line num="161" type="stmt" count="2"/>
        <line num="168" type="method" name="deleteItems" visibility="public" complexity="4" crap="4" count="3"/>
        <line num="171" type="stmt" count="3"/>
        <line num="172" type="stmt" count="3"/>
        <line num="173" type="stmt" count="2"/>
        <line num="176" type="stmt" count="1"/>
        <line num="177" type="stmt" count="1"/>
        <line num="179" type="stmt" count="1"/>
        <line num="186" type="method" name="save" visibility="public" complexity="1" crap="1" count="3"/>
        <line num="188" type="stmt" count="3"/>
        <line num="195" type="method" name="saveDeferred" visibility="public" complexity="2" crap="2" count="4"/>
        <line num="197" type="stmt" count="4"/>
        <line num="198" type="stmt" count="1"/>
        <line num="200" type="stmt" count="4"/>
        <line num="201" type="stmt" count="4"/>
        <line num="208" type="method" name="commit" visibility="public" complexity="3" crap="3" count="2"/>
        <line num="210" type="stmt" count="2"/>
        <line num="211" type="stmt" count="2"/>
        <line num="212" type="stmt" count="1"/>
        <line num="214" type="stmt" count="1"/>
        <line num="216" type="stmt" count="1"/>
        <metrics loc="219" ncloc="133" classes="1" methods="11" coveredmethods="11" conditionals="0" coveredconditionals="0" statements="45" coveredstatements="45" elements="56" coveredelements="56"/>
      </file>
      <file name="C:\xampp\htdocs\dev-master.seeren\cache\src/Pool/StreamCacheItemPool.php">
        <class name="Seeren\Cache\Pool\StreamCacheItemPool" namespace="Seeren\Cache\Pool" fullPackage="Cache.Pool" category="Seeren" package="Cache" subpackage="Pool">
          <metrics complexity="15" methods="5" coveredmethods="5" conditionals="0" coveredconditionals="0" statements="39" coveredstatements="39" elements="44" coveredelements="44"/>
        </class>
        <line num="43" type="method" name="__construct" visibility="public" complexity="2" crap="2" count="20"/>
        <line num="45" type="stmt" count="20"/>
        <line num="46" type="stmt" count="20"/>
        <line num="47" type="stmt" count="20"/>
        <line num="48" type="stmt" count="1"/>
        <line num="49" type="stmt" count="20"/>
        <line num="50" type="stmt" count="20"/>
        <line num="56" type="method" name="getTarget" visibility="private" complexity="4" crap="4" count="13"/>
        <line num="58" type="stmt" count="13"/>
        <line num="59" type="stmt" count="13"/>
        <line num="60" type="stmt" count="13"/>
        <line num="61" type="stmt" count="13"/>
        <line num="62" type="stmt" count="13"/>
        <line num="63" type="stmt" count="13"/>
        <line num="64" type="stmt" count="13"/>
        <line num="65" type="stmt" count="1"/>
        <line num="66" type="stmt" count="1"/>
        <line num="67" type="stmt" count="1"/>
        <line num="71" type="stmt" count="13"/>
        <line num="78" type="method" name="poolGetItem" visibility="protected" complexity="5" crap="5" count="13"/>
        <line num="81" type="stmt" count="13"/>
        <line num="82" type="stmt" count="13"/>
        <line num="83" type="stmt" count="13"/>
        <line num="84" type="stmt" count="12"/>
        <line num="85" type="stmt" count="12"/>
        <line num="86" type="stmt" count="12"/>
        <line num="87" type="stmt" count="1"/>
        <line num="88" type="stmt" count="1"/>
        <line num="89" type="stmt" count="1"/>
        <line num="92" type="stmt" count="12"/>
        <line num="93" type="stmt" count="13"/>
        <line num="94" type="stmt" count="13"/>
        <line num="102" type="method" name="poolSave" visibility="protected" complexity="2" crap="2" count="3"/>
        <line num="105" type="stmt" count="3"/>
        <line num="106" type="stmt" count="3"/>
        <line num="107" type="stmt" count="3"/>
        <line num="108" type="stmt" count="2"/>
        <line num="109" type="stmt" count="2"/>
        <line num="110" type="stmt" count="2"/>
        <line num="111" type="stmt" count="1"/>
        <line num="112" type="stmt" count="1"/>
        <line num="120" type="method" name="poolDeleteItem" visibility="protected" complexity="2" crap="2" count="5"/>
        <line num="122" type="stmt" count="5"/>
        <line num="123" type="stmt" count="5"/>
        <metrics loc="126" ncloc="84" classes="1" methods="5" coveredmethods="5" conditionals="0" coveredconditionals="0" statements="39" coveredstatements="39" elements="44" coveredelements="44"/>
      </file>
    </package>
    <metrics files="5" loc="603" ncloc="353" classes="4" methods="27" coveredmethods="27" conditionals="0" coveredconditionals="0" statements="118" coveredstatements="118" elements="145" coveredelements="145"/>
  </project>
</coverage>
